C51 COMPILER V9.01   CAR                                                                   04/23/2017 00:07:03 PAGE 1   


C51 COMPILER V9.01, COMPILATION OF MODULE CAR
OBJECT MODULE PLACED IN car.OBJ
COMPILER INVOKED BY: D:\keil4\C51\BIN\C51.EXE car.c BROWSE DEBUG OBJECTEXTEND

line level    source

   1          /*STC12C5A60S2单片机控制智能车
   2          功能：红外壁循迹/超声波壁障/手机遥感
   3          */
   4                                  
   5          #include "60s2.h"
   6          #include "UART.h"
   7          #include "298N.h"
   8          #include "Timer.h"
   9          
  10          #define uint unsigned int
  11          #define uchar unsigned char
  12          
  13          uchar order;
  14          uint speed[7] = {3,4,5,6,7,8,9};
  15          uint i=0;
  16          uint count = 0;
  17          uint task_flag = 0;
  18          
  19          void my_init();
  20          void main(void)
  21          {
  22   1              my_init();
  23   1              while(1)
  24   1              {
  25   2                      
  26   2              }
  27   1      }
  28          
  29          //初始化函数
  30          void my_init()
  31          {
  32   1              init_298N();
  33   1              UartInit(9600);
  34   1              Timer0_init();
  35   1      }
  36          
  37          //定时器0中断函数
  38          void timer0(void) interrupt 1
  39          {
  40   1              TH0 = time_TH0;
  41   1              TL0 = time_TL0;
  42   1              count++;
  43   1              if( count == speed[i] )
  44   1              {
  45   2                      P2 = 0x00;
  46   2              }
  47   1              else 
  48   1                      if( count == 10 )
  49   1                      {
  50   2                              count = 0;
  51   2                              P2 = now_status;
  52   2                      }
  53   1      }
  54          
  55          //串口中断函数
C51 COMPILER V9.01   CAR                                                                   04/23/2017 00:07:03 PAGE 2   

  56          void Uart0(void) interrupt 4
  57          {
  58   1              if(RI)
  59   1              {
  60   2                      order = SBUF;
  61   2                      RI = 0;
  62   2                      switch(order)
  63   2                      {
  64   3                      case 0x74:init_298N();break;
  65   3                      case 0x71:turn_forward();i=0;break;
  66   3                      case 0x68:turn_backdown();i=0;break;
  67   3                      case 0x7A:turn_left();i=0;break;
  68   3                      case 0x79:turn_rigth();i=0;break;
  69   3                      case 0x01:speed[i++];i%=3;break;
*** WARNING C275 IN LINE 69 OF CAR.C: expression with possibly no effect
  70   3                      default : break;
  71   3                      }
  72   2              }
  73   1      }


MODULE INFORMATION:   STATIC OVERLAYABLE
   CODE SIZE        =    232    ----
   CONSTANT SIZE    =   ----    ----
   XDATA SIZE       =   ----    ----
   PDATA SIZE       =   ----    ----
   DATA SIZE        =     21    ----
   IDATA SIZE       =   ----    ----
   BIT SIZE         =   ----    ----
END OF MODULE INFORMATION.


C51 COMPILATION COMPLETE.  1 WARNING(S),  0 ERROR(S)
