C51 COMPILER V9.01   UART                                                                  04/22/2017 23:59:49 PAGE 1   


C51 COMPILER V9.01, COMPILATION OF MODULE UART
OBJECT MODULE PLACED IN UART.OBJ
COMPILER INVOKED BY: D:\keil4\C51\BIN\C51.EXE UART.c BROWSE DEBUG OBJECTEXTEND

line level    source

   1          #include "UART.h"        //11.0592MHz
   2          
   3          
   4          void UartInit(uint  baud_rate)          //串口初始化 2400~57600bps@11.0592MHz
   5          {
   6   1              PCON &= 0x7F;           //波特率不倍速
   7   1              SCON = 0x50;            //8位数据,可变波特率
   8   1              AUXR |= 0x04;           //独立波特率发生器时钟为Fosc,即1T
   9   1      
  10   1              //设定独立波特率发生器重装值
  11   1              switch( baud_rate )
  12   1              {
  13   2              case 2400 : BRT = 0x70;break;//2400bps
  14   2              case 4800 : BRT = 0xB8;break;//4800bps
  15   2              case 9600 : BRT = 0xDC;break;//9600bps
  16   2              case 19200: BRT = 0xEE;break;//19200bps
  17   2              case 38400: BRT = 0xF7;break;//38400bps
  18   2              case 57600: BRT = 0xFA;break;//57600bps
  19   2              default   : BRT = 0xDC;break;//9600bps 
  20   2              }
  21   1                              
  22   1              AUXR |= 0x01;           //串口1选择独立波特率发生器为波特率发生器
  23   1              AUXR |= 0x10;           //启动独立波特率发生器
  24   1              ES=1;                                           //打开接收中断
  25   1              EA=1;                                           //打开总中断
  26   1      }
  27          
  28          void UART_send_char(char *dat)            //发送字符串
  29          {
  30   1              int i;
  31   1              for(i = 0 ; dat[i] ; i++ )
  32   1              {
  33   2              SBUF = dat[i];   //将要发送的数据放入到发送寄存器
  34   2              while(!TI);               //等待发送数据完成
  35   2              TI=0;                     //清除发送完成标志位  
  36   2              }
  37   1              SBUF = dat[i];
  38   1      }
  39          
  40          
  41          
  42          int UART_check(uchar dat)         //奇校验
  43          {
  44   1               uint i,count=0;
  45   1               for( i = 0 ; i<8 ; i++ )
  46   1               {
  47   2                      if( dat&0x01 )
  48   2                              count++;
  49   2                      dat >>= 1;
  50   2               }
  51   1               return count%2;
  52   1      }
  53          


C51 COMPILER V9.01   UART                                                                  04/22/2017 23:59:49 PAGE 2   

MODULE INFORMATION:   STATIC OVERLAYABLE
   CODE SIZE        =    162    ----
   CONSTANT SIZE    =   ----    ----
   XDATA SIZE       =   ----    ----
   PDATA SIZE       =   ----    ----
   DATA SIZE        =   ----       3
   IDATA SIZE       =   ----    ----
   BIT SIZE         =   ----    ----
END OF MODULE INFORMATION.


C51 COMPILATION COMPLETE.  0 WARNING(S),  0 ERROR(S)
